<?xml version="1.0" encoding="UTF-8"?>
<testng-results ignored="0" total="4" passed="4" failed="0" skipped="0">
  <reporter-output>
  </reporter-output>
  <suite started-at="2021-12-01T11:45:40Z" name="Suite" finished-at="2021-12-01T11:45:40Z" duration-ms="25">
    <groups>
    </groups>
    <test started-at="2021-12-01T11:45:40Z" name="Test" finished-at="2021-12-01T11:45:40Z" duration-ms="25">
      <class name="PratimaS.AppiumTest">
        <test-method signature="IOSApps()[pri:0, instance:PratimaS.AppiumTest@5ba3f27a]" started-at="2021-12-01T11:45:40Z" name="IOSApps" finished-at="2021-12-01T11:45:40Z" duration-ms="1" status="PASS">
          <reporter-output>
          </reporter-output>
        </test-method> <!-- IOSApps -->
        <test-method signature="NativeAppAndroid()[pri:0, instance:PratimaS.AppiumTest@5ba3f27a]" started-at="2021-12-01T11:45:40Z" name="NativeAppAndroid" finished-at="2021-12-01T11:45:40Z" duration-ms="0" status="PASS">
          <reporter-output>
          </reporter-output>
        </test-method> <!-- NativeAppAndroid -->
      </class> <!-- PratimaS.AppiumTest -->
      <class name="PratimaS.RestAPITest">
        <test-method signature="browserAutomation()[pri:0, instance:PratimaS.RestAPITest@21e360a]" started-at="2021-12-01T11:45:40Z" name="browserAutomation" finished-at="2021-12-01T11:45:40Z" duration-ms="9" status="PASS">
          <reporter-output>
          </reporter-output>
        </test-method> <!-- browserAutomation -->
        <test-method signature="elementsUI()[pri:0, instance:PratimaS.RestAPITest@21e360a]" started-at="2021-12-01T11:45:40Z" name="elementsUI" finished-at="2021-12-01T11:45:40Z" duration-ms="1" status="PASS">
          <reporter-output>
          </reporter-output>
        </test-method> <!-- elementsUI -->
      </class> <!-- PratimaS.RestAPITest -->
    </test> <!-- Test -->
  </suite> <!-- Suite -->
</testng-results>
