<?xml version="1.0" encoding="UTF-8"?>
<!-- Generated by org.testng.reporters.JUnitXMLReporter -->
<testsuite ignored="1" hostname="ZMO-MC-PratimaS-01-ka-Mac-mini.local" failures="0" tests="1" name="Default test" time="0.046" errors="0" timestamp="2021-12-01T15:52:34 IST">
  <testcase classname="PratimaS.AppiumTest" name="IOSApps" time="0.007"/>
  <testcase classname="PratimaS.AppiumTest" name="NativeAppAndroid" time="0.0">
    <ignored/>
  </testcase> <!-- NativeAppAndroid -->
</testsuite> <!-- Default test -->
