<?xml version="1.0" encoding="UTF-8"?>
<!-- Generated by org.testng.reporters.JUnitXMLReporter -->
<testsuite ignored="0" hostname="ZMO-MC-PratimaS-01-ka-Mac-mini.local" failures="0" tests="4" name="Test" time="0.025" errors="0" timestamp="01 Dec 2021 11:45:46 GMT">
  <testcase classname="PratimaS.RestAPITest" name="browserAutomation" time="0.009"/>
  <testcase classname="PratimaS.RestAPITest" name="elementsUI" time="0.001"/>
  <testcase classname="PratimaS.AppiumTest" name="IOSApps" time="0.001"/>
  <testcase classname="PratimaS.AppiumTest" name="NativeAppAndroid" time="0.0"/>
</testsuite> <!-- Test -->
